


=============================================================================
================================== Year 0 ==================================
=============================================================================
Percentage of congested Hotspots: 44.919%
Percentage of congested Base Stations: 51.953%

Total Unserviced Traffic Demand (Mbps) for Hotspots: 64263.106
Avg Unserviced Traffic Demand (Mbps) per Hotspot: 130.616
Percentage of Total Wifi Traffic Demand Met: 57.247%

Total Unserviced Traffic Demand (Mbps) for Base Stations: 20571.881
Avg Unserviced Traffic Demand (Mbps) per Base Station: 80.359
Percentage of Total Cellular Traffic Demand Met: 69.431%

=============================================================================
=============================================================================
=============================================================================



=============================================================================
================================== Year 1 ==================================
=============================================================================
Percentage of congested Hotspots: 44.919%
Percentage of congested Base Stations: 58.984%

Total Unserviced Traffic Demand (Mbps) for Hotspots: 94460.670
Avg Unserviced Traffic Demand (Mbps) per Hotspot: 191.993
Percentage of Total Wifi Traffic Demand Met: 58.028%

Total Unserviced Traffic Demand (Mbps) for Base Stations: 35407.353
Avg Unserviced Traffic Demand (Mbps) per Base Station: 138.310
Percentage of Total Cellular Traffic Demand Met: 64.868%

=============================================================================
=============================================================================
=============================================================================



=============================================================================
================================== Year 2 ==================================
=============================================================================
Percentage of congested Hotspots: 44.919%
Percentage of congested Base Stations: 58.594%

Total Unserviced Traffic Demand (Mbps) for Hotspots: 141657.234
Avg Unserviced Traffic Demand (Mbps) per Hotspot: 287.921
Percentage of Total Wifi Traffic Demand Met: 58.032%

Total Unserviced Traffic Demand (Mbps) for Base Stations: 60066.073
Avg Unserviced Traffic Demand (Mbps) per Base Station: 234.633
Percentage of Total Cellular Traffic Demand Met: 60.347%

=============================================================================
=============================================================================
=============================================================================



=============================================================================
================================== Year 3 ==================================
=============================================================================
Percentage of congested Hotspots: 64.228%
Percentage of congested Base Stations: 70.312%

Total Unserviced Traffic Demand (Mbps) for Hotspots: 285669.650
Avg Unserviced Traffic Demand (Mbps) per Hotspot: 580.629
Percentage of Total Wifi Traffic Demand Met: 43.716%

Total Unserviced Traffic Demand (Mbps) for Base Stations: 109926.565
Avg Unserviced Traffic Demand (Mbps) per Base Station: 429.401
Percentage of Total Cellular Traffic Demand Met: 51.321%

=============================================================================
=============================================================================
=============================================================================



=============================================================================
================================== Year 4 ==================================
=============================================================================
Percentage of congested Hotspots: 83.943%
Percentage of congested Base Stations: 87.891%

Total Unserviced Traffic Demand (Mbps) for Hotspots: 545296.854
Avg Unserviced Traffic Demand (Mbps) per Hotspot: 1108.327
Percentage of Total Wifi Traffic Demand Met: 28.174%

Total Unserviced Traffic Demand (Mbps) for Base Stations: 209887.307
Avg Unserviced Traffic Demand (Mbps) per Base Station: 819.872
Percentage of Total Cellular Traffic Demand Met: 38.382%

=============================================================================
=============================================================================
=============================================================================



=============================================================================
================================== Year 5 ==================================
=============================================================================
Percentage of congested Hotspots: 100.000%
Percentage of congested Base Stations: 93.750%

Total Unserviced Traffic Demand (Mbps) for Hotspots: 949093.160
Avg Unserviced Traffic Demand (Mbps) per Hotspot: 1929.051
Percentage of Total Wifi Traffic Demand Met: 16.681%

Total Unserviced Traffic Demand (Mbps) for Base Stations: 368746.428
Avg Unserviced Traffic Demand (Mbps) per Base Station: 1440.416
Percentage of Total Cellular Traffic Demand Met: 27.512%

=============================================================================
=============================================================================
=============================================================================



=============================================================================
================================== Year 6 ==================================
=============================================================================
Percentage of congested Hotspots: 100.000%
Percentage of congested Base Stations: 100.000%

Total Unserviced Traffic Demand (Mbps) for Hotspots: 1518080.579
Avg Unserviced Traffic Demand (Mbps) per Hotspot: 3085.530
Percentage of Total Wifi Traffic Demand Met: 11.327%

Total Unserviced Traffic Demand (Mbps) for Base Stations: 623790.469
Avg Unserviced Traffic Demand (Mbps) per Base Station: 2436.682
Percentage of Total Cellular Traffic Demand Met: 18.570%

=============================================================================
=============================================================================
=============================================================================



=============================================================================
================================== Year 7 ==================================
=============================================================================
Percentage of congested Hotspots: 100.000%
Percentage of congested Base Stations: 100.000%

Total Unserviced Traffic Demand (Mbps) for Hotspots: 2365991.031
Avg Unserviced Traffic Demand (Mbps) per Hotspot: 4808.925
Percentage of Total Wifi Traffic Demand Met: 7.671%

Total Unserviced Traffic Demand (Mbps) for Base Stations: 1003097.036
Avg Unserviced Traffic Demand (Mbps) per Base Station: 3918.348
Percentage of Total Cellular Traffic Demand Met: 12.490%

=============================================================================
=============================================================================
=============================================================================



=============================================================================
================================== Year 8 ==================================
=============================================================================
Percentage of congested Hotspots: 100.000%
Percentage of congested Base Stations: 100.000%

Total Unserviced Traffic Demand (Mbps) for Hotspots: 3647202.877
Avg Unserviced Traffic Demand (Mbps) per Hotspot: 7413.014
Percentage of Total Wifi Traffic Demand Met: 5.157%

Total Unserviced Traffic Demand (Mbps) for Base Stations: 1576539.095
Avg Unserviced Traffic Demand (Mbps) per Base Station: 6158.356
Percentage of Total Cellular Traffic Demand Met: 8.355%

=============================================================================
=============================================================================
=============================================================================



=============================================================================
================================== Year 9 ==================================
=============================================================================
Percentage of congested Hotspots: 100.000%
Percentage of congested Base Stations: 100.000%

Total Unserviced Traffic Demand (Mbps) for Hotspots: 5585550.013
Avg Unserviced Traffic Demand (Mbps) per Hotspot: 11352.744
Percentage of Total Wifi Traffic Demand Met: 3.448%

Total Unserviced Traffic Demand (Mbps) for Base Stations: 2437238.329
Avg Unserviced Traffic Demand (Mbps) per Base Station: 9520.462
Percentage of Total Cellular Traffic Demand Met: 5.580%

=============================================================================
=============================================================================
=============================================================================
